<?xml version="1.0" encoding="UTF-8"?>
<testng-results ignored="0" total="1" passed="1" failed="0" skipped="0">
  <reporter-output>
  </reporter-output>
  <suite started-at="2023-01-21T23:50:51 IST" name="Default suite" finished-at="2023-01-21T23:51:38 IST" duration-ms="47903">
    <groups>
    </groups>
    <test started-at="2023-01-21T23:50:51 IST" name="Default test" finished-at="2023-01-21T23:51:38 IST" duration-ms="47903">
      <class name="appium_Testscript.TC3">
        <test-method is-config="true" signature="init()[pri:0, instance:appium_Testscript.TC3@28eaa59a]" started-at="2023-01-21T23:50:51 IST" name="init" finished-at="2023-01-21T23:51:06 IST" duration-ms="15447" status="PASS">
          <reporter-output>
          </reporter-output>
        </test-method> <!-- init -->
        <test-method signature="secondscreen()[pri:0, instance:appium_Testscript.TC3@28eaa59a]" started-at="2023-01-21T23:51:06 IST" name="secondscreen" finished-at="2023-01-21T23:51:38 IST" duration-ms="32356" status="PASS">
          <reporter-output>
          </reporter-output>
        </test-method> <!-- secondscreen -->
      </class> <!-- appium_Testscript.TC3 -->
    </test> <!-- Default test -->
  </suite> <!-- Default suite -->
</testng-results>
